<?xml version="1.0" encoding="UTF-8"?>
<!-- Generated by org.testng.reporters.JUnitReportReporter -->
<testsuite hostname="Shreejits-MacBook-Pro.local" name="com.ibmwatsonhealth.devopsservices.swaggertestasset.swaggerParserUtility.runner.TestRunner" tests="1" failures="0" timestamp="19 Nov 2017 00:04:09 GMT" time="1.436" errors="0">
  <testcase name="feature" time="1.436" classname="com.ibmwatsonhealth.devopsservices.swaggertestasset.swaggerParserUtility.runner.TestRunner"/>
</testsuite> <!-- com.ibmwatsonhealth.devopsservices.swaggertestasset.swaggerParserUtility.runner.TestRunner -->
