<?xml version="1.0" encoding="UTF-8"?>
<!-- Generated by org.testng.reporters.JUnitReportReporter -->
<testsuite hostname="shreejits-mbp.cambridge.ibm.com" name="com.ibmwatsonhealth.devopsservices.swaggertestasset.swaggerParserUtility.runner.TestRunner" tests="1" failures="0" timestamp="15 Nov 2017 23:09:25 GMT" time="0.965" errors="0">
  <testcase name="feature" time="0.965" classname="com.ibmwatsonhealth.devopsservices.swaggertestasset.swaggerParserUtility.runner.TestRunner"/>
</testsuite> <!-- com.ibmwatsonhealth.devopsservices.swaggertestasset.swaggerParserUtility.runner.TestRunner -->
